Terminals unused in grammar

    ARROW
    RESERVED
    MUL
    LOWER
    HIGHER


Grammar

    0 $accept: Program $end

    1 Program: CLASS ID LBRACE recPR RBRACE
    2        | CLASS ID LBRACE RBRACE

    3 recPR: MethodDecl
    4      | FieldDecl
    5      | SEMICOLON
    6      | recPR MethodDecl
    7      | recPR FieldDecl
    8      | recPR SEMICOLON

    9 MethodDecl: PUBLIC STATIC MethodHeader MethodBody

   10 FieldDecl: PUBLIC STATIC Type ID recCOMMAID SEMICOLON
   11          | PUBLIC STATIC Type ID SEMICOLON
   12          | error SEMICOLON

   13 recCOMMAID: COMMA ID
   14           | recCOMMAID COMMA ID

   15 Type: BOOL
   16     | INT
   17     | DOUBLE

   18 MethodHeader: Type ID LPAR FormalParams RPAR
   19             | Type ID LPAR RPAR
   20             | VOID ID LPAR FormalParams RPAR
   21             | VOID ID LPAR RPAR

   22 FormalParams: Type ID recFP
   23             | Type ID
   24             | STRING LSQ RSQ ID

   25 recFP: COMMA Type ID
   26      | recFP COMMA Type ID

   27 MethodBody: LBRACE recMD RBRACE
   28           | LBRACE RBRACE

   29 recMD: Statement
   30      | VarDecl
   31      | recMD Statement
   32      | recMD VarDecl

   33 VarDecl: Type ID recVAR SEMICOLON
   34        | Type ID SEMICOLON

   35 recVAR: COMMA ID
   36       | recVAR COMMA ID

   37 Statement: LBRACE Statement RBRACE
   38          | LBRACE RBRACE
   39          | IF LPAR Expr RPAR Statement ELSE Statement
   40          | IF LPAR Expr RPAR Statement
   41          | WHILE LPAR Expr RPAR Statement
   42          | RETURN Expr SEMICOLON
   43          | RETURN SEMICOLON
   44          | MethodInvocation SEMICOLON
   45          | Assignment SEMICOLON
   46          | ParseArgs SEMICOLON
   47          | SEMICOLON
   48          | PRINT LPAR Expr RPAR SEMICOLON
   49          | PRINT LPAR STRLIT RPAR SEMICOLON
   50          | PRINT LPAR RPAR SEMICOLON
   51          | error SEMICOLON

   52 MethodInvocation: ID LPAR Expr recCOMMAEXP RPAR
   53                 | ID LPAR RPAR
   54                 | ID LPAR error RPAR

   55 recCOMMAEXP: recCOMMAEXP COMMA Expr
   56            | ε

   57 Assignment: ID ASSIGN Expr

   58 ParseArgs: PARSEINT LPAR ID LSQ Expr RSQ RPAR
   59          | PARSEINT LPAR error RPAR

   60 Expr: Expr PLUS Expr
   61     | Expr MINUS Expr
   62     | Expr STAR Expr
   63     | Expr DIV Expr
   64     | Expr MOD Expr
   65     | Expr AND Expr
   66     | Expr OR Expr
   67     | Expr XOR Expr
   68     | Expr LSHIFT Expr
   69     | Expr RSHIFT Expr
   70     | Expr EQ Expr
   71     | Expr GE Expr
   72     | Expr GT Expr
   73     | Expr LE Expr
   74     | Expr LT Expr
   75     | Expr NE Expr
   76     | MINUS Expr
   77     | NOT Expr
   78     | PLUS Expr
   79     | LPAR Expr RPAR
   80     | MethodInvocation
   81     | Assignment
   82     | ParseArgs
   83     | ID
   84     | ID DOTLENGTH
   85     | INTLIT
   86     | REALLIT
   87     | BOOLLIT
   88     | LPAR error RPAR


Terminals, with rules where they appear

    $end (0) 0
    error (256) 12 51 54 59 88
    ID <id> (258) 1 2 10 11 13 14 18 19 20 21 22 23 24 25 26 33 34 35 36 52 53 54 57 58 83 84
    INTLIT <id> (259) 85
    STRLIT <id> (260) 49
    REALLIT <id> (261) 86
    BOOLLIT <id> (262) 87
    AND (263) 65
    ASSIGN (264) 57
    STAR (265) 62
    COMMA (266) 13 14 25 26 35 36 55
    DIV (267) 63
    EQ (268) 70
    GE (269) 71
    GT (270) 72
    LBRACE (271) 1 2 27 28 37 38
    LE (272) 73
    LPAR (273) 18 19 20 21 39 40 41 48 49 50 52 53 54 58 59 79 88
    LSQ (274) 24 58
    LT (275) 74
    MINUS (276) 61 76
    MOD (277) 64
    NE (278) 75
    NOT (279) 77
    OR (280) 66
    PLUS (281) 60 78
    RBRACE (282) 1 2 27 28 37 38
    RPAR (283) 18 19 20 21 39 40 41 48 49 50 52 53 54 58 59 79 88
    RSQ (284) 24 58
    SEMICOLON (285) 5 8 10 11 12 33 34 42 43 44 45 46 47 48 49 50 51
    ARROW (286)
    LSHIFT (287) 68
    RSHIFT (288) 69
    XOR (289) 67
    BOOL (290) 15
    CLASS (291) 1 2
    DOTLENGTH (292) 84
    DOUBLE (293) 17
    ELSE (294) 39
    IF (295) 39 40
    INT (296) 16
    PRINT (297) 48 49 50
    PARSEINT (298) 58 59
    PUBLIC (299) 9 10 11
    RETURN (300) 42 43
    STATIC (301) 9 10 11
    STRING (302) 24
    VOID (303) 20 21
    WHILE (304) 41
    RESERVED (305)
    MUL (306)
    LOWER (307)
    HIGHER (308)


Nonterminals, with rules where they appear

    $accept (54)
        on left: 0
    Program <no> (55)
        on left: 1 2
        on right: 0
    recPR <no> (56)
        on left: 3 4 5 6 7 8
        on right: 1 6 7 8
    MethodDecl <no> (57)
        on left: 9
        on right: 3 6
    FieldDecl <no> (58)
        on left: 10 11 12
        on right: 4 7
    recCOMMAID <no> (59)
        on left: 13 14
        on right: 10 14
    Type <no> (60)
        on left: 15 16 17
        on right: 10 11 18 19 22 23 25 26 33 34
    MethodHeader <no> (61)
        on left: 18 19 20 21
        on right: 9
    FormalParams <no> (62)
        on left: 22 23 24
        on right: 18 20
    recFP <no> (63)
        on left: 25 26
        on right: 22 26
    MethodBody <no> (64)
        on left: 27 28
        on right: 9
    recMD <no> (65)
        on left: 29 30 31 32
        on right: 27 31 32
    VarDecl <no> (66)
        on left: 33 34
        on right: 30 32
    recVAR <no> (67)
        on left: 35 36
        on right: 33 36
    Statement <no> (68)
        on left: 37 38 39 40 41 42 43 44 45 46 47 48 49 50 51
        on right: 29 31 37 39 40 41
    MethodInvocation <no> (69)
        on left: 52 53 54
        on right: 44 80
    recCOMMAEXP <no> (70)
        on left: 55 56
        on right: 52 55
    Assignment <no> (71)
        on left: 57
        on right: 45 81
    ParseArgs <no> (72)
        on left: 58 59
        on right: 46 82
    Expr <no> (73)
        on left: 60 61 62 63 64 65 66 67 68 69 70 71 72 73 74 75 76 77 78 79 80 81 82 83 84 85 86 87 88
        on right: 39 40 41 42 48 52 55 57 58 60 61 62 63 64 65 66 67 68 69 70 71 72 73 74 75 76 77 78 79


State 0

    0 $accept: • Program $end

    CLASS  shift, and go to state 1

    Program  go to state 2


State 1

    1 Program: CLASS • ID LBRACE recPR RBRACE
    2        | CLASS • ID LBRACE RBRACE

    ID  shift, and go to state 3


State 2

    0 $accept: Program • $end

    $end  shift, and go to state 4


State 3

    1 Program: CLASS ID • LBRACE recPR RBRACE
    2        | CLASS ID • LBRACE RBRACE

    LBRACE  shift, and go to state 5


State 4

    0 $accept: Program $end •

    $default  accept


State 5

    1 Program: CLASS ID LBRACE • recPR RBRACE
    2        | CLASS ID LBRACE • RBRACE

    error      shift, and go to state 6
    RBRACE     shift, and go to state 7
    SEMICOLON  shift, and go to state 8
    PUBLIC     shift, and go to state 9

    recPR       go to state 10
    MethodDecl  go to state 11
    FieldDecl   go to state 12


State 6

   12 FieldDecl: error • SEMICOLON

    SEMICOLON  shift, and go to state 13


State 7

    2 Program: CLASS ID LBRACE RBRACE •

    $default  reduce using rule 2 (Program)


State 8

    5 recPR: SEMICOLON •

    $default  reduce using rule 5 (recPR)


State 9

    9 MethodDecl: PUBLIC • STATIC MethodHeader MethodBody
   10 FieldDecl: PUBLIC • STATIC Type ID recCOMMAID SEMICOLON
   11          | PUBLIC • STATIC Type ID SEMICOLON

    STATIC  shift, and go to state 14


State 10

    1 Program: CLASS ID LBRACE recPR • RBRACE
    6 recPR: recPR • MethodDecl
    7      | recPR • FieldDecl
    8      | recPR • SEMICOLON

    error      shift, and go to state 6
    RBRACE     shift, and go to state 15
    SEMICOLON  shift, and go to state 16
    PUBLIC     shift, and go to state 9

    MethodDecl  go to state 17
    FieldDecl   go to state 18


State 11

    3 recPR: MethodDecl •

    $default  reduce using rule 3 (recPR)


State 12

    4 recPR: FieldDecl •

    $default  reduce using rule 4 (recPR)


State 13

   12 FieldDecl: error SEMICOLON •

    $default  reduce using rule 12 (FieldDecl)


State 14

    9 MethodDecl: PUBLIC STATIC • MethodHeader MethodBody
   10 FieldDecl: PUBLIC STATIC • Type ID recCOMMAID SEMICOLON
   11          | PUBLIC STATIC • Type ID SEMICOLON

    BOOL    shift, and go to state 19
    DOUBLE  shift, and go to state 20
    INT     shift, and go to state 21
    VOID    shift, and go to state 22

    Type          go to state 23
    MethodHeader  go to state 24


State 15

    1 Program: CLASS ID LBRACE recPR RBRACE •

    $default  reduce using rule 1 (Program)


State 16

    8 recPR: recPR SEMICOLON •

    $default  reduce using rule 8 (recPR)


State 17

    6 recPR: recPR MethodDecl •

    $default  reduce using rule 6 (recPR)


State 18

    7 recPR: recPR FieldDecl •

    $default  reduce using rule 7 (recPR)


State 19

   15 Type: BOOL •

    $default  reduce using rule 15 (Type)


State 20

   17 Type: DOUBLE •

    $default  reduce using rule 17 (Type)


State 21

   16 Type: INT •

    $default  reduce using rule 16 (Type)


State 22

   20 MethodHeader: VOID • ID LPAR FormalParams RPAR
   21             | VOID • ID LPAR RPAR

    ID  shift, and go to state 25


State 23

   10 FieldDecl: PUBLIC STATIC Type • ID recCOMMAID SEMICOLON
   11          | PUBLIC STATIC Type • ID SEMICOLON
   18 MethodHeader: Type • ID LPAR FormalParams RPAR
   19             | Type • ID LPAR RPAR

    ID  shift, and go to state 26


State 24

    9 MethodDecl: PUBLIC STATIC MethodHeader • MethodBody

    LBRACE  shift, and go to state 27

    MethodBody  go to state 28


State 25

   20 MethodHeader: VOID ID • LPAR FormalParams RPAR
   21             | VOID ID • LPAR RPAR

    LPAR  shift, and go to state 29


State 26

   10 FieldDecl: PUBLIC STATIC Type ID • recCOMMAID SEMICOLON
   11          | PUBLIC STATIC Type ID • SEMICOLON
   18 MethodHeader: Type ID • LPAR FormalParams RPAR
   19             | Type ID • LPAR RPAR

    COMMA      shift, and go to state 30
    LPAR       shift, and go to state 31
    SEMICOLON  shift, and go to state 32

    recCOMMAID  go to state 33


State 27

   27 MethodBody: LBRACE • recMD RBRACE
   28           | LBRACE • RBRACE

    error      shift, and go to state 34
    ID         shift, and go to state 35
    LBRACE     shift, and go to state 36
    RBRACE     shift, and go to state 37
    SEMICOLON  shift, and go to state 38
    BOOL       shift, and go to state 19
    DOUBLE     shift, and go to state 20
    IF         shift, and go to state 39
    INT        shift, and go to state 21
    PRINT      shift, and go to state 40
    PARSEINT   shift, and go to state 41
    RETURN     shift, and go to state 42
    WHILE      shift, and go to state 43

    Type              go to state 44
    recMD             go to state 45
    VarDecl           go to state 46
    Statement         go to state 47
    MethodInvocation  go to state 48
    Assignment        go to state 49
    ParseArgs         go to state 50


State 28

    9 MethodDecl: PUBLIC STATIC MethodHeader MethodBody •

    $default  reduce using rule 9 (MethodDecl)


State 29

   20 MethodHeader: VOID ID LPAR • FormalParams RPAR
   21             | VOID ID LPAR • RPAR

    RPAR    shift, and go to state 51
    BOOL    shift, and go to state 19
    DOUBLE  shift, and go to state 20
    INT     shift, and go to state 21
    STRING  shift, and go to state 52

    Type          go to state 53
    FormalParams  go to state 54


State 30

   13 recCOMMAID: COMMA • ID

    ID  shift, and go to state 55


State 31

   18 MethodHeader: Type ID LPAR • FormalParams RPAR
   19             | Type ID LPAR • RPAR

    RPAR    shift, and go to state 56
    BOOL    shift, and go to state 19
    DOUBLE  shift, and go to state 20
    INT     shift, and go to state 21
    STRING  shift, and go to state 52

    Type          go to state 53
    FormalParams  go to state 57


State 32

   11 FieldDecl: PUBLIC STATIC Type ID SEMICOLON •

    $default  reduce using rule 11 (FieldDecl)


State 33

   10 FieldDecl: PUBLIC STATIC Type ID recCOMMAID • SEMICOLON
   14 recCOMMAID: recCOMMAID • COMMA ID

    COMMA      shift, and go to state 58
    SEMICOLON  shift, and go to state 59


State 34

   51 Statement: error • SEMICOLON

    SEMICOLON  shift, and go to state 60


State 35

   52 MethodInvocation: ID • LPAR Expr recCOMMAEXP RPAR
   53                 | ID • LPAR RPAR
   54                 | ID • LPAR error RPAR
   57 Assignment: ID • ASSIGN Expr

    ASSIGN  shift, and go to state 61
    LPAR    shift, and go to state 62


State 36

   37 Statement: LBRACE • Statement RBRACE
   38          | LBRACE • RBRACE

    error      shift, and go to state 34
    ID         shift, and go to state 35
    LBRACE     shift, and go to state 36
    RBRACE     shift, and go to state 63
    SEMICOLON  shift, and go to state 38
    IF         shift, and go to state 39
    PRINT      shift, and go to state 40
    PARSEINT   shift, and go to state 41
    RETURN     shift, and go to state 42
    WHILE      shift, and go to state 43

    Statement         go to state 64
    MethodInvocation  go to state 48
    Assignment        go to state 49
    ParseArgs         go to state 50


State 37

   28 MethodBody: LBRACE RBRACE •

    $default  reduce using rule 28 (MethodBody)


State 38

   47 Statement: SEMICOLON •

    $default  reduce using rule 47 (Statement)


State 39

   39 Statement: IF • LPAR Expr RPAR Statement ELSE Statement
   40          | IF • LPAR Expr RPAR Statement

    LPAR  shift, and go to state 65


State 40

   48 Statement: PRINT • LPAR Expr RPAR SEMICOLON
   49          | PRINT • LPAR STRLIT RPAR SEMICOLON
   50          | PRINT • LPAR RPAR SEMICOLON

    LPAR  shift, and go to state 66


State 41

   58 ParseArgs: PARSEINT • LPAR ID LSQ Expr RSQ RPAR
   59          | PARSEINT • LPAR error RPAR

    LPAR  shift, and go to state 67


State 42

   42 Statement: RETURN • Expr SEMICOLON
   43          | RETURN • SEMICOLON

    ID         shift, and go to state 68
    INTLIT     shift, and go to state 69
    REALLIT    shift, and go to state 70
    BOOLLIT    shift, and go to state 71
    LPAR       shift, and go to state 72
    MINUS      shift, and go to state 73
    NOT        shift, and go to state 74
    PLUS       shift, and go to state 75
    SEMICOLON  shift, and go to state 76
    PARSEINT   shift, and go to state 41

    MethodInvocation  go to state 77
    Assignment        go to state 78
    ParseArgs         go to state 79
    Expr              go to state 80


State 43

   41 Statement: WHILE • LPAR Expr RPAR Statement

    LPAR  shift, and go to state 81


State 44

   33 VarDecl: Type • ID recVAR SEMICOLON
   34        | Type • ID SEMICOLON

    ID  shift, and go to state 82


State 45

   27 MethodBody: LBRACE recMD • RBRACE
   31 recMD: recMD • Statement
   32      | recMD • VarDecl

    error      shift, and go to state 34
    ID         shift, and go to state 35
    LBRACE     shift, and go to state 36
    RBRACE     shift, and go to state 83
    SEMICOLON  shift, and go to state 38
    BOOL       shift, and go to state 19
    DOUBLE     shift, and go to state 20
    IF         shift, and go to state 39
    INT        shift, and go to state 21
    PRINT      shift, and go to state 40
    PARSEINT   shift, and go to state 41
    RETURN     shift, and go to state 42
    WHILE      shift, and go to state 43

    Type              go to state 44
    VarDecl           go to state 84
    Statement         go to state 85
    MethodInvocation  go to state 48
    Assignment        go to state 49
    ParseArgs         go to state 50


State 46

   30 recMD: VarDecl •

    $default  reduce using rule 30 (recMD)


State 47

   29 recMD: Statement •

    $default  reduce using rule 29 (recMD)


State 48

   44 Statement: MethodInvocation • SEMICOLON

    SEMICOLON  shift, and go to state 86


State 49

   45 Statement: Assignment • SEMICOLON

    SEMICOLON  shift, and go to state 87


State 50

   46 Statement: ParseArgs • SEMICOLON

    SEMICOLON  shift, and go to state 88


State 51

   21 MethodHeader: VOID ID LPAR RPAR •

    $default  reduce using rule 21 (MethodHeader)


State 52

   24 FormalParams: STRING • LSQ RSQ ID

    LSQ  shift, and go to state 89


State 53

   22 FormalParams: Type • ID recFP
   23             | Type • ID

    ID  shift, and go to state 90


State 54

   20 MethodHeader: VOID ID LPAR FormalParams • RPAR

    RPAR  shift, and go to state 91


State 55

   13 recCOMMAID: COMMA ID •

    $default  reduce using rule 13 (recCOMMAID)


State 56

   19 MethodHeader: Type ID LPAR RPAR •

    $default  reduce using rule 19 (MethodHeader)


State 57

   18 MethodHeader: Type ID LPAR FormalParams • RPAR

    RPAR  shift, and go to state 92


State 58

   14 recCOMMAID: recCOMMAID COMMA • ID

    ID  shift, and go to state 93


State 59

   10 FieldDecl: PUBLIC STATIC Type ID recCOMMAID SEMICOLON •

    $default  reduce using rule 10 (FieldDecl)


State 60

   51 Statement: error SEMICOLON •

    $default  reduce using rule 51 (Statement)


State 61

   57 Assignment: ID ASSIGN • Expr

    ID        shift, and go to state 68
    INTLIT    shift, and go to state 69
    REALLIT   shift, and go to state 70
    BOOLLIT   shift, and go to state 71
    LPAR      shift, and go to state 72
    MINUS     shift, and go to state 73
    NOT       shift, and go to state 74
    PLUS      shift, and go to state 75
    PARSEINT  shift, and go to state 41

    MethodInvocation  go to state 77
    Assignment        go to state 78
    ParseArgs         go to state 79
    Expr              go to state 94


State 62

   52 MethodInvocation: ID LPAR • Expr recCOMMAEXP RPAR
   53                 | ID LPAR • RPAR
   54                 | ID LPAR • error RPAR

    error     shift, and go to state 95
    ID        shift, and go to state 68
    INTLIT    shift, and go to state 69
    REALLIT   shift, and go to state 70
    BOOLLIT   shift, and go to state 71
    LPAR      shift, and go to state 72
    MINUS     shift, and go to state 73
    NOT       shift, and go to state 74
    PLUS      shift, and go to state 75
    RPAR      shift, and go to state 96
    PARSEINT  shift, and go to state 41

    MethodInvocation  go to state 77
    Assignment        go to state 78
    ParseArgs         go to state 79
    Expr              go to state 97


State 63

   38 Statement: LBRACE RBRACE •

    $default  reduce using rule 38 (Statement)


State 64

   37 Statement: LBRACE Statement • RBRACE

    RBRACE  shift, and go to state 98


State 65

   39 Statement: IF LPAR • Expr RPAR Statement ELSE Statement
   40          | IF LPAR • Expr RPAR Statement

    ID        shift, and go to state 68
    INTLIT    shift, and go to state 69
    REALLIT   shift, and go to state 70
    BOOLLIT   shift, and go to state 71
    LPAR      shift, and go to state 72
    MINUS     shift, and go to state 73
    NOT       shift, and go to state 74
    PLUS      shift, and go to state 75
    PARSEINT  shift, and go to state 41

    MethodInvocation  go to state 77
    Assignment        go to state 78
    ParseArgs         go to state 79
    Expr              go to state 99


State 66

   48 Statement: PRINT LPAR • Expr RPAR SEMICOLON
   49          | PRINT LPAR • STRLIT RPAR SEMICOLON
   50          | PRINT LPAR • RPAR SEMICOLON

    ID        shift, and go to state 68
    INTLIT    shift, and go to state 69
    STRLIT    shift, and go to state 100
    REALLIT   shift, and go to state 70
    BOOLLIT   shift, and go to state 71
    LPAR      shift, and go to state 72
    MINUS     shift, and go to state 73
    NOT       shift, and go to state 74
    PLUS      shift, and go to state 75
    RPAR      shift, and go to state 101
    PARSEINT  shift, and go to state 41

    MethodInvocation  go to state 77
    Assignment        go to state 78
    ParseArgs         go to state 79
    Expr              go to state 102


State 67

   58 ParseArgs: PARSEINT LPAR • ID LSQ Expr RSQ RPAR
   59          | PARSEINT LPAR • error RPAR

    error  shift, and go to state 103
    ID     shift, and go to state 104


State 68

   52 MethodInvocation: ID • LPAR Expr recCOMMAEXP RPAR
   53                 | ID • LPAR RPAR
   54                 | ID • LPAR error RPAR
   57 Assignment: ID • ASSIGN Expr
   83 Expr: ID •
   84     | ID • DOTLENGTH

    ASSIGN     shift, and go to state 61
    LPAR       shift, and go to state 62
    DOTLENGTH  shift, and go to state 105

    $default  reduce using rule 83 (Expr)


State 69

   85 Expr: INTLIT •

    $default  reduce using rule 85 (Expr)


State 70

   86 Expr: REALLIT •

    $default  reduce using rule 86 (Expr)


State 71

   87 Expr: BOOLLIT •

    $default  reduce using rule 87 (Expr)


State 72

   79 Expr: LPAR • Expr RPAR
   88     | LPAR • error RPAR

    error     shift, and go to state 106
    ID        shift, and go to state 68
    INTLIT    shift, and go to state 69
    REALLIT   shift, and go to state 70
    BOOLLIT   shift, and go to state 71
    LPAR      shift, and go to state 72
    MINUS     shift, and go to state 73
    NOT       shift, and go to state 74
    PLUS      shift, and go to state 75
    PARSEINT  shift, and go to state 41

    MethodInvocation  go to state 77
    Assignment        go to state 78
    ParseArgs         go to state 79
    Expr              go to state 107


State 73

   76 Expr: MINUS • Expr

    ID        shift, and go to state 68
    INTLIT    shift, and go to state 69
    REALLIT   shift, and go to state 70
    BOOLLIT   shift, and go to state 71
    LPAR      shift, and go to state 72
    MINUS     shift, and go to state 73
    NOT       shift, and go to state 74
    PLUS      shift, and go to state 75
    PARSEINT  shift, and go to state 41

    MethodInvocation  go to state 77
    Assignment        go to state 78
    ParseArgs         go to state 79
    Expr              go to state 108


State 74

   77 Expr: NOT • Expr

    ID        shift, and go to state 68
    INTLIT    shift, and go to state 69
    REALLIT   shift, and go to state 70
    BOOLLIT   shift, and go to state 71
    LPAR      shift, and go to state 72
    MINUS     shift, and go to state 73
    NOT       shift, and go to state 74
    PLUS      shift, and go to state 75
    PARSEINT  shift, and go to state 41

    MethodInvocation  go to state 77
    Assignment        go to state 78
    ParseArgs         go to state 79
    Expr              go to state 109


State 75

   78 Expr: PLUS • Expr

    ID        shift, and go to state 68
    INTLIT    shift, and go to state 69
    REALLIT   shift, and go to state 70
    BOOLLIT   shift, and go to state 71
    LPAR      shift, and go to state 72
    MINUS     shift, and go to state 73
    NOT       shift, and go to state 74
    PLUS      shift, and go to state 75
    PARSEINT  shift, and go to state 41

    MethodInvocation  go to state 77
    Assignment        go to state 78
    ParseArgs         go to state 79
    Expr              go to state 110


State 76

   43 Statement: RETURN SEMICOLON •

    $default  reduce using rule 43 (Statement)


State 77

   80 Expr: MethodInvocation •

    $default  reduce using rule 80 (Expr)


State 78

   81 Expr: Assignment •

    $default  reduce using rule 81 (Expr)


State 79

   82 Expr: ParseArgs •

    $default  reduce using rule 82 (Expr)


State 80

   42 Statement: RETURN Expr • SEMICOLON
   60 Expr: Expr • PLUS Expr
   61     | Expr • MINUS Expr
   62     | Expr • STAR Expr
   63     | Expr • DIV Expr
   64     | Expr • MOD Expr
   65     | Expr • AND Expr
   66     | Expr • OR Expr
   67     | Expr • XOR Expr
   68     | Expr • LSHIFT Expr
   69     | Expr • RSHIFT Expr
   70     | Expr • EQ Expr
   71     | Expr • GE Expr
   72     | Expr • GT Expr
   73     | Expr • LE Expr
   74     | Expr • LT Expr
   75     | Expr • NE Expr

    AND        shift, and go to state 111
    STAR       shift, and go to state 112
    DIV        shift, and go to state 113
    EQ         shift, and go to state 114
    GE         shift, and go to state 115
    GT         shift, and go to state 116
    LE         shift, and go to state 117
    LT         shift, and go to state 118
    MINUS      shift, and go to state 119
    MOD        shift, and go to state 120
    NE         shift, and go to state 121
    OR         shift, and go to state 122
    PLUS       shift, and go to state 123
    SEMICOLON  shift, and go to state 124
    LSHIFT     shift, and go to state 125
    RSHIFT     shift, and go to state 126
    XOR        shift, and go to state 127


State 81

   41 Statement: WHILE LPAR • Expr RPAR Statement

    ID        shift, and go to state 68
    INTLIT    shift, and go to state 69
    REALLIT   shift, and go to state 70
    BOOLLIT   shift, and go to state 71
    LPAR      shift, and go to state 72
    MINUS     shift, and go to state 73
    NOT       shift, and go to state 74
    PLUS      shift, and go to state 75
    PARSEINT  shift, and go to state 41

    MethodInvocation  go to state 77
    Assignment        go to state 78
    ParseArgs         go to state 79
    Expr              go to state 128


State 82

   33 VarDecl: Type ID • recVAR SEMICOLON
   34        | Type ID • SEMICOLON

    COMMA      shift, and go to state 129
    SEMICOLON  shift, and go to state 130

    recVAR  go to state 131


State 83

   27 MethodBody: LBRACE recMD RBRACE •

    $default  reduce using rule 27 (MethodBody)


State 84

   32 recMD: recMD VarDecl •

    $default  reduce using rule 32 (recMD)


State 85

   31 recMD: recMD Statement •

    $default  reduce using rule 31 (recMD)


State 86

   44 Statement: MethodInvocation SEMICOLON •

    $default  reduce using rule 44 (Statement)


State 87

   45 Statement: Assignment SEMICOLON •

    $default  reduce using rule 45 (Statement)


State 88

   46 Statement: ParseArgs SEMICOLON •

    $default  reduce using rule 46 (Statement)


State 89

   24 FormalParams: STRING LSQ • RSQ ID

    RSQ  shift, and go to state 132


State 90

   22 FormalParams: Type ID • recFP
   23             | Type ID •

    COMMA  shift, and go to state 133

    $default  reduce using rule 23 (FormalParams)

    recFP  go to state 134


State 91

   20 MethodHeader: VOID ID LPAR FormalParams RPAR •

    $default  reduce using rule 20 (MethodHeader)


State 92

   18 MethodHeader: Type ID LPAR FormalParams RPAR •

    $default  reduce using rule 18 (MethodHeader)


State 93

   14 recCOMMAID: recCOMMAID COMMA ID •

    $default  reduce using rule 14 (recCOMMAID)


State 94

   57 Assignment: ID ASSIGN Expr •
   60 Expr: Expr • PLUS Expr
   61     | Expr • MINUS Expr
   62     | Expr • STAR Expr
   63     | Expr • DIV Expr
   64     | Expr • MOD Expr
   65     | Expr • AND Expr
   66     | Expr • OR Expr
   67     | Expr • XOR Expr
   68     | Expr • LSHIFT Expr
   69     | Expr • RSHIFT Expr
   70     | Expr • EQ Expr
   71     | Expr • GE Expr
   72     | Expr • GT Expr
   73     | Expr • LE Expr
   74     | Expr • LT Expr
   75     | Expr • NE Expr

    AND     shift, and go to state 111
    STAR    shift, and go to state 112
    DIV     shift, and go to state 113
    EQ      shift, and go to state 114
    GE      shift, and go to state 115
    GT      shift, and go to state 116
    LE      shift, and go to state 117
    LT      shift, and go to state 118
    MINUS   shift, and go to state 119
    MOD     shift, and go to state 120
    NE      shift, and go to state 121
    OR      shift, and go to state 122
    PLUS    shift, and go to state 123
    LSHIFT  shift, and go to state 125
    RSHIFT  shift, and go to state 126
    XOR     shift, and go to state 127

    $default  reduce using rule 57 (Assignment)


State 95

   54 MethodInvocation: ID LPAR error • RPAR

    RPAR  shift, and go to state 135


State 96

   53 MethodInvocation: ID LPAR RPAR •

    $default  reduce using rule 53 (MethodInvocation)


State 97

   52 MethodInvocation: ID LPAR Expr • recCOMMAEXP RPAR
   60 Expr: Expr • PLUS Expr
   61     | Expr • MINUS Expr
   62     | Expr • STAR Expr
   63     | Expr • DIV Expr
   64     | Expr • MOD Expr
   65     | Expr • AND Expr
   66     | Expr • OR Expr
   67     | Expr • XOR Expr
   68     | Expr • LSHIFT Expr
   69     | Expr • RSHIFT Expr
   70     | Expr • EQ Expr
   71     | Expr • GE Expr
   72     | Expr • GT Expr
   73     | Expr • LE Expr
   74     | Expr • LT Expr
   75     | Expr • NE Expr

    AND     shift, and go to state 111
    STAR    shift, and go to state 112
    DIV     shift, and go to state 113
    EQ      shift, and go to state 114
    GE      shift, and go to state 115
    GT      shift, and go to state 116
    LE      shift, and go to state 117
    LT      shift, and go to state 118
    MINUS   shift, and go to state 119
    MOD     shift, and go to state 120
    NE      shift, and go to state 121
    OR      shift, and go to state 122
    PLUS    shift, and go to state 123
    LSHIFT  shift, and go to state 125
    RSHIFT  shift, and go to state 126
    XOR     shift, and go to state 127

    $default  reduce using rule 56 (recCOMMAEXP)

    recCOMMAEXP  go to state 136


State 98

   37 Statement: LBRACE Statement RBRACE •

    $default  reduce using rule 37 (Statement)


State 99

   39 Statement: IF LPAR Expr • RPAR Statement ELSE Statement
   40          | IF LPAR Expr • RPAR Statement
   60 Expr: Expr • PLUS Expr
   61     | Expr • MINUS Expr
   62     | Expr • STAR Expr
   63     | Expr • DIV Expr
   64     | Expr • MOD Expr
   65     | Expr • AND Expr
   66     | Expr • OR Expr
   67     | Expr • XOR Expr
   68     | Expr • LSHIFT Expr
   69     | Expr • RSHIFT Expr
   70     | Expr • EQ Expr
   71     | Expr • GE Expr
   72     | Expr • GT Expr
   73     | Expr • LE Expr
   74     | Expr • LT Expr
   75     | Expr • NE Expr

    AND     shift, and go to state 111
    STAR    shift, and go to state 112
    DIV     shift, and go to state 113
    EQ      shift, and go to state 114
    GE      shift, and go to state 115
    GT      shift, and go to state 116
    LE      shift, and go to state 117
    LT      shift, and go to state 118
    MINUS   shift, and go to state 119
    MOD     shift, and go to state 120
    NE      shift, and go to state 121
    OR      shift, and go to state 122
    PLUS    shift, and go to state 123
    RPAR    shift, and go to state 137
    LSHIFT  shift, and go to state 125
    RSHIFT  shift, and go to state 126
    XOR     shift, and go to state 127


State 100

   49 Statement: PRINT LPAR STRLIT • RPAR SEMICOLON

    RPAR  shift, and go to state 138


State 101

   50 Statement: PRINT LPAR RPAR • SEMICOLON

    SEMICOLON  shift, and go to state 139


State 102

   48 Statement: PRINT LPAR Expr • RPAR SEMICOLON
   60 Expr: Expr • PLUS Expr
   61     | Expr • MINUS Expr
   62     | Expr • STAR Expr
   63     | Expr • DIV Expr
   64     | Expr • MOD Expr
   65     | Expr • AND Expr
   66     | Expr • OR Expr
   67     | Expr • XOR Expr
   68     | Expr • LSHIFT Expr
   69     | Expr • RSHIFT Expr
   70     | Expr • EQ Expr
   71     | Expr • GE Expr
   72     | Expr • GT Expr
   73     | Expr • LE Expr
   74     | Expr • LT Expr
   75     | Expr • NE Expr

    AND     shift, and go to state 111
    STAR    shift, and go to state 112
    DIV     shift, and go to state 113
    EQ      shift, and go to state 114
    GE      shift, and go to state 115
    GT      shift, and go to state 116
    LE      shift, and go to state 117
    LT      shift, and go to state 118
    MINUS   shift, and go to state 119
    MOD     shift, and go to state 120
    NE      shift, and go to state 121
    OR      shift, and go to state 122
    PLUS    shift, and go to state 123
    RPAR    shift, and go to state 140
    LSHIFT  shift, and go to state 125
    RSHIFT  shift, and go to state 126
    XOR     shift, and go to state 127


State 103

   59 ParseArgs: PARSEINT LPAR error • RPAR

    RPAR  shift, and go to state 141


State 104

   58 ParseArgs: PARSEINT LPAR ID • LSQ Expr RSQ RPAR

    LSQ  shift, and go to state 142


State 105

   84 Expr: ID DOTLENGTH •

    $default  reduce using rule 84 (Expr)


State 106

   88 Expr: LPAR error • RPAR

    RPAR  shift, and go to state 143


State 107

   60 Expr: Expr • PLUS Expr
   61     | Expr • MINUS Expr
   62     | Expr • STAR Expr
   63     | Expr • DIV Expr
   64     | Expr • MOD Expr
   65     | Expr • AND Expr
   66     | Expr • OR Expr
   67     | Expr • XOR Expr
   68     | Expr • LSHIFT Expr
   69     | Expr • RSHIFT Expr
   70     | Expr • EQ Expr
   71     | Expr • GE Expr
   72     | Expr • GT Expr
   73     | Expr • LE Expr
   74     | Expr • LT Expr
   75     | Expr • NE Expr
   79     | LPAR Expr • RPAR

    AND     shift, and go to state 111
    STAR    shift, and go to state 112
    DIV     shift, and go to state 113
    EQ      shift, and go to state 114
    GE      shift, and go to state 115
    GT      shift, and go to state 116
    LE      shift, and go to state 117
    LT      shift, and go to state 118
    MINUS   shift, and go to state 119
    MOD     shift, and go to state 120
    NE      shift, and go to state 121
    OR      shift, and go to state 122
    PLUS    shift, and go to state 123
    RPAR    shift, and go to state 144
    LSHIFT  shift, and go to state 125
    RSHIFT  shift, and go to state 126
    XOR     shift, and go to state 127


State 108

   60 Expr: Expr • PLUS Expr
   61     | Expr • MINUS Expr
   62     | Expr • STAR Expr
   63     | Expr • DIV Expr
   64     | Expr • MOD Expr
   65     | Expr • AND Expr
   66     | Expr • OR Expr
   67     | Expr • XOR Expr
   68     | Expr • LSHIFT Expr
   69     | Expr • RSHIFT Expr
   70     | Expr • EQ Expr
   71     | Expr • GE Expr
   72     | Expr • GT Expr
   73     | Expr • LE Expr
   74     | Expr • LT Expr
   75     | Expr • NE Expr
   76     | MINUS Expr •

    STAR    shift, and go to state 112
    DIV     shift, and go to state 113
    MOD     shift, and go to state 120
    LSHIFT  shift, and go to state 125
    RSHIFT  shift, and go to state 126

    $default  reduce using rule 76 (Expr)


State 109

   60 Expr: Expr • PLUS Expr
   61     | Expr • MINUS Expr
   62     | Expr • STAR Expr
   63     | Expr • DIV Expr
   64     | Expr • MOD Expr
   65     | Expr • AND Expr
   66     | Expr • OR Expr
   67     | Expr • XOR Expr
   68     | Expr • LSHIFT Expr
   69     | Expr • RSHIFT Expr
   70     | Expr • EQ Expr
   71     | Expr • GE Expr
   72     | Expr • GT Expr
   73     | Expr • LE Expr
   74     | Expr • LT Expr
   75     | Expr • NE Expr
   77     | NOT Expr •

    $default  reduce using rule 77 (Expr)


State 110

   60 Expr: Expr • PLUS Expr
   61     | Expr • MINUS Expr
   62     | Expr • STAR Expr
   63     | Expr • DIV Expr
   64     | Expr • MOD Expr
   65     | Expr • AND Expr
   66     | Expr • OR Expr
   67     | Expr • XOR Expr
   68     | Expr • LSHIFT Expr
   69     | Expr • RSHIFT Expr
   70     | Expr • EQ Expr
   71     | Expr • GE Expr
   72     | Expr • GT Expr
   73     | Expr • LE Expr
   74     | Expr • LT Expr
   75     | Expr • NE Expr
   78     | PLUS Expr •

    STAR    shift, and go to state 112
    DIV     shift, and go to state 113
    MOD     shift, and go to state 120
    LSHIFT  shift, and go to state 125
    RSHIFT  shift, and go to state 126

    $default  reduce using rule 78 (Expr)


State 111

   65 Expr: Expr AND • Expr

    ID        shift, and go to state 68
    INTLIT    shift, and go to state 69
    REALLIT   shift, and go to state 70
    BOOLLIT   shift, and go to state 71
    LPAR      shift, and go to state 72
    MINUS     shift, and go to state 73
    NOT       shift, and go to state 74
    PLUS      shift, and go to state 75
    PARSEINT  shift, and go to state 41

    MethodInvocation  go to state 77
    Assignment        go to state 78
    ParseArgs         go to state 79
    Expr              go to state 145


State 112

   62 Expr: Expr STAR • Expr

    ID        shift, and go to state 68
    INTLIT    shift, and go to state 69
    REALLIT   shift, and go to state 70
    BOOLLIT   shift, and go to state 71
    LPAR      shift, and go to state 72
    MINUS     shift, and go to state 73
    NOT       shift, and go to state 74
    PLUS      shift, and go to state 75
    PARSEINT  shift, and go to state 41

    MethodInvocation  go to state 77
    Assignment        go to state 78
    ParseArgs         go to state 79
    Expr              go to state 146


State 113

   63 Expr: Expr DIV • Expr

    ID        shift, and go to state 68
    INTLIT    shift, and go to state 69
    REALLIT   shift, and go to state 70
    BOOLLIT   shift, and go to state 71
    LPAR      shift, and go to state 72
    MINUS     shift, and go to state 73
    NOT       shift, and go to state 74
    PLUS      shift, and go to state 75
    PARSEINT  shift, and go to state 41

    MethodInvocation  go to state 77
    Assignment        go to state 78
    ParseArgs         go to state 79
    Expr              go to state 147


State 114

   70 Expr: Expr EQ • Expr

    ID        shift, and go to state 68
    INTLIT    shift, and go to state 69
    REALLIT   shift, and go to state 70
    BOOLLIT   shift, and go to state 71
    LPAR      shift, and go to state 72
    MINUS     shift, and go to state 73
    NOT       shift, and go to state 74
    PLUS      shift, and go to state 75
    PARSEINT  shift, and go to state 41

    MethodInvocation  go to state 77
    Assignment        go to state 78
    ParseArgs         go to state 79
    Expr              go to state 148


State 115

   71 Expr: Expr GE • Expr

    ID        shift, and go to state 68
    INTLIT    shift, and go to state 69
    REALLIT   shift, and go to state 70
    BOOLLIT   shift, and go to state 71
    LPAR      shift, and go to state 72
    MINUS     shift, and go to state 73
    NOT       shift, and go to state 74
    PLUS      shift, and go to state 75
    PARSEINT  shift, and go to state 41

    MethodInvocation  go to state 77
    Assignment        go to state 78
    ParseArgs         go to state 79
    Expr              go to state 149


State 116

   72 Expr: Expr GT • Expr

    ID        shift, and go to state 68
    INTLIT    shift, and go to state 69
    REALLIT   shift, and go to state 70
    BOOLLIT   shift, and go to state 71
    LPAR      shift, and go to state 72
    MINUS     shift, and go to state 73
    NOT       shift, and go to state 74
    PLUS      shift, and go to state 75
    PARSEINT  shift, and go to state 41

    MethodInvocation  go to state 77
    Assignment        go to state 78
    ParseArgs         go to state 79
    Expr              go to state 150


State 117

   73 Expr: Expr LE • Expr

    ID        shift, and go to state 68
    INTLIT    shift, and go to state 69
    REALLIT   shift, and go to state 70
    BOOLLIT   shift, and go to state 71
    LPAR      shift, and go to state 72
    MINUS     shift, and go to state 73
    NOT       shift, and go to state 74
    PLUS      shift, and go to state 75
    PARSEINT  shift, and go to state 41

    MethodInvocation  go to state 77
    Assignment        go to state 78
    ParseArgs         go to state 79
    Expr              go to state 151


State 118

   74 Expr: Expr LT • Expr

    ID        shift, and go to state 68
    INTLIT    shift, and go to state 69
    REALLIT   shift, and go to state 70
    BOOLLIT   shift, and go to state 71
    LPAR      shift, and go to state 72
    MINUS     shift, and go to state 73
    NOT       shift, and go to state 74
    PLUS      shift, and go to state 75
    PARSEINT  shift, and go to state 41

    MethodInvocation  go to state 77
    Assignment        go to state 78
    ParseArgs         go to state 79
    Expr              go to state 152


State 119

   61 Expr: Expr MINUS • Expr

    ID        shift, and go to state 68
    INTLIT    shift, and go to state 69
    REALLIT   shift, and go to state 70
    BOOLLIT   shift, and go to state 71
    LPAR      shift, and go to state 72
    MINUS     shift, and go to state 73
    NOT       shift, and go to state 74
    PLUS      shift, and go to state 75
    PARSEINT  shift, and go to state 41

    MethodInvocation  go to state 77
    Assignment        go to state 78
    ParseArgs         go to state 79
    Expr              go to state 153


State 120

   64 Expr: Expr MOD • Expr

    ID        shift, and go to state 68
    INTLIT    shift, and go to state 69
    REALLIT   shift, and go to state 70
    BOOLLIT   shift, and go to state 71
    LPAR      shift, and go to state 72
    MINUS     shift, and go to state 73
    NOT       shift, and go to state 74
    PLUS      shift, and go to state 75
    PARSEINT  shift, and go to state 41

    MethodInvocation  go to state 77
    Assignment        go to state 78
    ParseArgs         go to state 79
    Expr              go to state 154


State 121

   75 Expr: Expr NE • Expr

    ID        shift, and go to state 68
    INTLIT    shift, and go to state 69
    REALLIT   shift, and go to state 70
    BOOLLIT   shift, and go to state 71
    LPAR      shift, and go to state 72
    MINUS     shift, and go to state 73
    NOT       shift, and go to state 74
    PLUS      shift, and go to state 75
    PARSEINT  shift, and go to state 41

    MethodInvocation  go to state 77
    Assignment        go to state 78
    ParseArgs         go to state 79
    Expr              go to state 155


State 122

   66 Expr: Expr OR • Expr

    ID        shift, and go to state 68
    INTLIT    shift, and go to state 69
    REALLIT   shift, and go to state 70
    BOOLLIT   shift, and go to state 71
    LPAR      shift, and go to state 72
    MINUS     shift, and go to state 73
    NOT       shift, and go to state 74
    PLUS      shift, and go to state 75
    PARSEINT  shift, and go to state 41

    MethodInvocation  go to state 77
    Assignment        go to state 78
    ParseArgs         go to state 79
    Expr              go to state 156


State 123

   60 Expr: Expr PLUS • Expr

    ID        shift, and go to state 68
    INTLIT    shift, and go to state 69
    REALLIT   shift, and go to state 70
    BOOLLIT   shift, and go to state 71
    LPAR      shift, and go to state 72
    MINUS     shift, and go to state 73
    NOT       shift, and go to state 74
    PLUS      shift, and go to state 75
    PARSEINT  shift, and go to state 41

    MethodInvocation  go to state 77
    Assignment        go to state 78
    ParseArgs         go to state 79
    Expr              go to state 157


State 124

   42 Statement: RETURN Expr SEMICOLON •

    $default  reduce using rule 42 (Statement)


State 125

   68 Expr: Expr LSHIFT • Expr

    ID        shift, and go to state 68
    INTLIT    shift, and go to state 69
    REALLIT   shift, and go to state 70
    BOOLLIT   shift, and go to state 71
    LPAR      shift, and go to state 72
    MINUS     shift, and go to state 73
    NOT       shift, and go to state 74
    PLUS      shift, and go to state 75
    PARSEINT  shift, and go to state 41

    MethodInvocation  go to state 77
    Assignment        go to state 78
    ParseArgs         go to state 79
    Expr              go to state 158


State 126

   69 Expr: Expr RSHIFT • Expr

    ID        shift, and go to state 68
    INTLIT    shift, and go to state 69
    REALLIT   shift, and go to state 70
    BOOLLIT   shift, and go to state 71
    LPAR      shift, and go to state 72
    MINUS     shift, and go to state 73
    NOT       shift, and go to state 74
    PLUS      shift, and go to state 75
    PARSEINT  shift, and go to state 41

    MethodInvocation  go to state 77
    Assignment        go to state 78
    ParseArgs         go to state 79
    Expr              go to state 159


State 127

   67 Expr: Expr XOR • Expr

    ID        shift, and go to state 68
    INTLIT    shift, and go to state 69
    REALLIT   shift, and go to state 70
    BOOLLIT   shift, and go to state 71
    LPAR      shift, and go to state 72
    MINUS     shift, and go to state 73
    NOT       shift, and go to state 74
    PLUS      shift, and go to state 75
    PARSEINT  shift, and go to state 41

    MethodInvocation  go to state 77
    Assignment        go to state 78
    ParseArgs         go to state 79
    Expr              go to state 160


State 128

   41 Statement: WHILE LPAR Expr • RPAR Statement
   60 Expr: Expr • PLUS Expr
   61     | Expr • MINUS Expr
   62     | Expr • STAR Expr
   63     | Expr • DIV Expr
   64     | Expr • MOD Expr
   65     | Expr • AND Expr
   66     | Expr • OR Expr
   67     | Expr • XOR Expr
   68     | Expr • LSHIFT Expr
   69     | Expr • RSHIFT Expr
   70     | Expr • EQ Expr
   71     | Expr • GE Expr
   72     | Expr • GT Expr
   73     | Expr • LE Expr
   74     | Expr • LT Expr
   75     | Expr • NE Expr

    AND     shift, and go to state 111
    STAR    shift, and go to state 112
    DIV     shift, and go to state 113
    EQ      shift, and go to state 114
    GE      shift, and go to state 115
    GT      shift, and go to state 116
    LE      shift, and go to state 117
    LT      shift, and go to state 118
    MINUS   shift, and go to state 119
    MOD     shift, and go to state 120
    NE      shift, and go to state 121
    OR      shift, and go to state 122
    PLUS    shift, and go to state 123
    RPAR    shift, and go to state 161
    LSHIFT  shift, and go to state 125
    RSHIFT  shift, and go to state 126
    XOR     shift, and go to state 127


State 129

   35 recVAR: COMMA • ID

    ID  shift, and go to state 162


State 130

   34 VarDecl: Type ID SEMICOLON •

    $default  reduce using rule 34 (VarDecl)


State 131

   33 VarDecl: Type ID recVAR • SEMICOLON
   36 recVAR: recVAR • COMMA ID

    COMMA      shift, and go to state 163
    SEMICOLON  shift, and go to state 164


State 132

   24 FormalParams: STRING LSQ RSQ • ID

    ID  shift, and go to state 165


State 133

   25 recFP: COMMA • Type ID

    BOOL    shift, and go to state 19
    DOUBLE  shift, and go to state 20
    INT     shift, and go to state 21

    Type  go to state 166


State 134

   22 FormalParams: Type ID recFP •
   26 recFP: recFP • COMMA Type ID

    COMMA  shift, and go to state 167

    $default  reduce using rule 22 (FormalParams)


State 135

   54 MethodInvocation: ID LPAR error RPAR •

    $default  reduce using rule 54 (MethodInvocation)


State 136

   52 MethodInvocation: ID LPAR Expr recCOMMAEXP • RPAR
   55 recCOMMAEXP: recCOMMAEXP • COMMA Expr

    COMMA  shift, and go to state 168
    RPAR   shift, and go to state 169


State 137

   39 Statement: IF LPAR Expr RPAR • Statement ELSE Statement
   40          | IF LPAR Expr RPAR • Statement

    error      shift, and go to state 34
    ID         shift, and go to state 35
    LBRACE     shift, and go to state 36
    SEMICOLON  shift, and go to state 38
    IF         shift, and go to state 39
    PRINT      shift, and go to state 40
    PARSEINT   shift, and go to state 41
    RETURN     shift, and go to state 42
    WHILE      shift, and go to state 43

    Statement         go to state 170
    MethodInvocation  go to state 48
    Assignment        go to state 49
    ParseArgs         go to state 50


State 138

   49 Statement: PRINT LPAR STRLIT RPAR • SEMICOLON

    SEMICOLON  shift, and go to state 171


State 139

   50 Statement: PRINT LPAR RPAR SEMICOLON •

    $default  reduce using rule 50 (Statement)


State 140

   48 Statement: PRINT LPAR Expr RPAR • SEMICOLON

    SEMICOLON  shift, and go to state 172


State 141

   59 ParseArgs: PARSEINT LPAR error RPAR •

    $default  reduce using rule 59 (ParseArgs)


State 142

   58 ParseArgs: PARSEINT LPAR ID LSQ • Expr RSQ RPAR

    ID        shift, and go to state 68
    INTLIT    shift, and go to state 69
    REALLIT   shift, and go to state 70
    BOOLLIT   shift, and go to state 71
    LPAR      shift, and go to state 72
    MINUS     shift, and go to state 73
    NOT       shift, and go to state 74
    PLUS      shift, and go to state 75
    PARSEINT  shift, and go to state 41

    MethodInvocation  go to state 77
    Assignment        go to state 78
    ParseArgs         go to state 79
    Expr              go to state 173


State 143

   88 Expr: LPAR error RPAR •

    $default  reduce using rule 88 (Expr)


State 144

   79 Expr: LPAR Expr RPAR •

    $default  reduce using rule 79 (Expr)


State 145

   60 Expr: Expr • PLUS Expr
   61     | Expr • MINUS Expr
   62     | Expr • STAR Expr
   63     | Expr • DIV Expr
   64     | Expr • MOD Expr
   65     | Expr • AND Expr
   65     | Expr AND Expr •
   66     | Expr • OR Expr
   67     | Expr • XOR Expr
   68     | Expr • LSHIFT Expr
   69     | Expr • RSHIFT Expr
   70     | Expr • EQ Expr
   71     | Expr • GE Expr
   72     | Expr • GT Expr
   73     | Expr • LE Expr
   74     | Expr • LT Expr
   75     | Expr • NE Expr

    STAR    shift, and go to state 112
    DIV     shift, and go to state 113
    EQ      shift, and go to state 114
    GE      shift, and go to state 115
    GT      shift, and go to state 116
    LE      shift, and go to state 117
    LT      shift, and go to state 118
    MINUS   shift, and go to state 119
    MOD     shift, and go to state 120
    NE      shift, and go to state 121
    PLUS    shift, and go to state 123
    LSHIFT  shift, and go to state 125
    RSHIFT  shift, and go to state 126
    XOR     shift, and go to state 127

    $default  reduce using rule 65 (Expr)


State 146

   60 Expr: Expr • PLUS Expr
   61     | Expr • MINUS Expr
   62     | Expr • STAR Expr
   62     | Expr STAR Expr •
   63     | Expr • DIV Expr
   64     | Expr • MOD Expr
   65     | Expr • AND Expr
   66     | Expr • OR Expr
   67     | Expr • XOR Expr
   68     | Expr • LSHIFT Expr
   69     | Expr • RSHIFT Expr
   70     | Expr • EQ Expr
   71     | Expr • GE Expr
   72     | Expr • GT Expr
   73     | Expr • LE Expr
   74     | Expr • LT Expr
   75     | Expr • NE Expr

    $default  reduce using rule 62 (Expr)


State 147

   60 Expr: Expr • PLUS Expr
   61     | Expr • MINUS Expr
   62     | Expr • STAR Expr
   63     | Expr • DIV Expr
   63     | Expr DIV Expr •
   64     | Expr • MOD Expr
   65     | Expr • AND Expr
   66     | Expr • OR Expr
   67     | Expr • XOR Expr
   68     | Expr • LSHIFT Expr
   69     | Expr • RSHIFT Expr
   70     | Expr • EQ Expr
   71     | Expr • GE Expr
   72     | Expr • GT Expr
   73     | Expr • LE Expr
   74     | Expr • LT Expr
   75     | Expr • NE Expr

    STAR    shift, and go to state 112
    LSHIFT  shift, and go to state 125
    RSHIFT  shift, and go to state 126

    $default  reduce using rule 63 (Expr)


State 148

   60 Expr: Expr • PLUS Expr
   61     | Expr • MINUS Expr
   62     | Expr • STAR Expr
   63     | Expr • DIV Expr
   64     | Expr • MOD Expr
   65     | Expr • AND Expr
   66     | Expr • OR Expr
   67     | Expr • XOR Expr
   68     | Expr • LSHIFT Expr
   69     | Expr • RSHIFT Expr
   70     | Expr • EQ Expr
   70     | Expr EQ Expr •
   71     | Expr • GE Expr
   72     | Expr • GT Expr
   73     | Expr • LE Expr
   74     | Expr • LT Expr
   75     | Expr • NE Expr

    STAR    shift, and go to state 112
    DIV     shift, and go to state 113
    GE      shift, and go to state 115
    GT      shift, and go to state 116
    LE      shift, and go to state 117
    LT      shift, and go to state 118
    MINUS   shift, and go to state 119
    MOD     shift, and go to state 120
    PLUS    shift, and go to state 123
    LSHIFT  shift, and go to state 125
    RSHIFT  shift, and go to state 126

    $default  reduce using rule 70 (Expr)


State 149

   60 Expr: Expr • PLUS Expr
   61     | Expr • MINUS Expr
   62     | Expr • STAR Expr
   63     | Expr • DIV Expr
   64     | Expr • MOD Expr
   65     | Expr • AND Expr
   66     | Expr • OR Expr
   67     | Expr • XOR Expr
   68     | Expr • LSHIFT Expr
   69     | Expr • RSHIFT Expr
   70     | Expr • EQ Expr
   71     | Expr • GE Expr
   71     | Expr GE Expr •
   72     | Expr • GT Expr
   73     | Expr • LE Expr
   74     | Expr • LT Expr
   75     | Expr • NE Expr

    STAR    shift, and go to state 112
    DIV     shift, and go to state 113
    MINUS   shift, and go to state 119
    MOD     shift, and go to state 120
    PLUS    shift, and go to state 123
    LSHIFT  shift, and go to state 125
    RSHIFT  shift, and go to state 126

    $default  reduce using rule 71 (Expr)


State 150

   60 Expr: Expr • PLUS Expr
   61     | Expr • MINUS Expr
   62     | Expr • STAR Expr
   63     | Expr • DIV Expr
   64     | Expr • MOD Expr
   65     | Expr • AND Expr
   66     | Expr • OR Expr
   67     | Expr • XOR Expr
   68     | Expr • LSHIFT Expr
   69     | Expr • RSHIFT Expr
   70     | Expr • EQ Expr
   71     | Expr • GE Expr
   72     | Expr • GT Expr
   72     | Expr GT Expr •
   73     | Expr • LE Expr
   74     | Expr • LT Expr
   75     | Expr • NE Expr

    STAR    shift, and go to state 112
    DIV     shift, and go to state 113
    MINUS   shift, and go to state 119
    MOD     shift, and go to state 120
    PLUS    shift, and go to state 123
    LSHIFT  shift, and go to state 125
    RSHIFT  shift, and go to state 126

    $default  reduce using rule 72 (Expr)


State 151

   60 Expr: Expr • PLUS Expr
   61     | Expr • MINUS Expr
   62     | Expr • STAR Expr
   63     | Expr • DIV Expr
   64     | Expr • MOD Expr
   65     | Expr • AND Expr
   66     | Expr • OR Expr
   67     | Expr • XOR Expr
   68     | Expr • LSHIFT Expr
   69     | Expr • RSHIFT Expr
   70     | Expr • EQ Expr
   71     | Expr • GE Expr
   72     | Expr • GT Expr
   73     | Expr • LE Expr
   73     | Expr LE Expr •
   74     | Expr • LT Expr
   75     | Expr • NE Expr

    STAR    shift, and go to state 112
    DIV     shift, and go to state 113
    MINUS   shift, and go to state 119
    MOD     shift, and go to state 120
    PLUS    shift, and go to state 123
    LSHIFT  shift, and go to state 125
    RSHIFT  shift, and go to state 126

    $default  reduce using rule 73 (Expr)


State 152

   60 Expr: Expr • PLUS Expr
   61     | Expr • MINUS Expr
   62     | Expr • STAR Expr
   63     | Expr • DIV Expr
   64     | Expr • MOD Expr
   65     | Expr • AND Expr
   66     | Expr • OR Expr
   67     | Expr • XOR Expr
   68     | Expr • LSHIFT Expr
   69     | Expr • RSHIFT Expr
   70     | Expr • EQ Expr
   71     | Expr • GE Expr
   72     | Expr • GT Expr
   73     | Expr • LE Expr
   74     | Expr • LT Expr
   74     | Expr LT Expr •
   75     | Expr • NE Expr

    STAR    shift, and go to state 112
    DIV     shift, and go to state 113
    MINUS   shift, and go to state 119
    MOD     shift, and go to state 120
    PLUS    shift, and go to state 123
    LSHIFT  shift, and go to state 125
    RSHIFT  shift, and go to state 126

    $default  reduce using rule 74 (Expr)


State 153

   60 Expr: Expr • PLUS Expr
   61     | Expr • MINUS Expr
   61     | Expr MINUS Expr •
   62     | Expr • STAR Expr
   63     | Expr • DIV Expr
   64     | Expr • MOD Expr
   65     | Expr • AND Expr
   66     | Expr • OR Expr
   67     | Expr • XOR Expr
   68     | Expr • LSHIFT Expr
   69     | Expr • RSHIFT Expr
   70     | Expr • EQ Expr
   71     | Expr • GE Expr
   72     | Expr • GT Expr
   73     | Expr • LE Expr
   74     | Expr • LT Expr
   75     | Expr • NE Expr

    STAR    shift, and go to state 112
    DIV     shift, and go to state 113
    MOD     shift, and go to state 120
    LSHIFT  shift, and go to state 125
    RSHIFT  shift, and go to state 126

    $default  reduce using rule 61 (Expr)


State 154

   60 Expr: Expr • PLUS Expr
   61     | Expr • MINUS Expr
   62     | Expr • STAR Expr
   63     | Expr • DIV Expr
   64     | Expr • MOD Expr
   64     | Expr MOD Expr •
   65     | Expr • AND Expr
   66     | Expr • OR Expr
   67     | Expr • XOR Expr
   68     | Expr • LSHIFT Expr
   69     | Expr • RSHIFT Expr
   70     | Expr • EQ Expr
   71     | Expr • GE Expr
   72     | Expr • GT Expr
   73     | Expr • LE Expr
   74     | Expr • LT Expr
   75     | Expr • NE Expr

    STAR    shift, and go to state 112
    LSHIFT  shift, and go to state 125
    RSHIFT  shift, and go to state 126

    $default  reduce using rule 64 (Expr)


State 155

   60 Expr: Expr • PLUS Expr
   61     | Expr • MINUS Expr
   62     | Expr • STAR Expr
   63     | Expr • DIV Expr
   64     | Expr • MOD Expr
   65     | Expr • AND Expr
   66     | Expr • OR Expr
   67     | Expr • XOR Expr
   68     | Expr • LSHIFT Expr
   69     | Expr • RSHIFT Expr
   70     | Expr • EQ Expr
   71     | Expr • GE Expr
   72     | Expr • GT Expr
   73     | Expr • LE Expr
   74     | Expr • LT Expr
   75     | Expr • NE Expr
   75     | Expr NE Expr •

    STAR    shift, and go to state 112
    DIV     shift, and go to state 113
    GE      shift, and go to state 115
    GT      shift, and go to state 116
    LE      shift, and go to state 117
    LT      shift, and go to state 118
    MINUS   shift, and go to state 119
    MOD     shift, and go to state 120
    PLUS    shift, and go to state 123
    LSHIFT  shift, and go to state 125
    RSHIFT  shift, and go to state 126

    $default  reduce using rule 75 (Expr)


State 156

   60 Expr: Expr • PLUS Expr
   61     | Expr • MINUS Expr
   62     | Expr • STAR Expr
   63     | Expr • DIV Expr
   64     | Expr • MOD Expr
   65     | Expr • AND Expr
   66     | Expr • OR Expr
   66     | Expr OR Expr •
   67     | Expr • XOR Expr
   68     | Expr • LSHIFT Expr
   69     | Expr • RSHIFT Expr
   70     | Expr • EQ Expr
   71     | Expr • GE Expr
   72     | Expr • GT Expr
   73     | Expr • LE Expr
   74     | Expr • LT Expr
   75     | Expr • NE Expr

    AND     shift, and go to state 111
    STAR    shift, and go to state 112
    DIV     shift, and go to state 113
    EQ      shift, and go to state 114
    GE      shift, and go to state 115
    GT      shift, and go to state 116
    LE      shift, and go to state 117
    LT      shift, and go to state 118
    MINUS   shift, and go to state 119
    MOD     shift, and go to state 120
    NE      shift, and go to state 121
    PLUS    shift, and go to state 123
    LSHIFT  shift, and go to state 125
    RSHIFT  shift, and go to state 126
    XOR     shift, and go to state 127

    $default  reduce using rule 66 (Expr)


State 157

   60 Expr: Expr • PLUS Expr
   60     | Expr PLUS Expr •
   61     | Expr • MINUS Expr
   62     | Expr • STAR Expr
   63     | Expr • DIV Expr
   64     | Expr • MOD Expr
   65     | Expr • AND Expr
   66     | Expr • OR Expr
   67     | Expr • XOR Expr
   68     | Expr • LSHIFT Expr
   69     | Expr • RSHIFT Expr
   70     | Expr • EQ Expr
   71     | Expr • GE Expr
   72     | Expr • GT Expr
   73     | Expr • LE Expr
   74     | Expr • LT Expr
   75     | Expr • NE Expr

    STAR    shift, and go to state 112
    DIV     shift, and go to state 113
    MOD     shift, and go to state 120
    LSHIFT  shift, and go to state 125
    RSHIFT  shift, and go to state 126

    $default  reduce using rule 60 (Expr)


State 158

   60 Expr: Expr • PLUS Expr
   61     | Expr • MINUS Expr
   62     | Expr • STAR Expr
   63     | Expr • DIV Expr
   64     | Expr • MOD Expr
   65     | Expr • AND Expr
   66     | Expr • OR Expr
   67     | Expr • XOR Expr
   68     | Expr • LSHIFT Expr
   68     | Expr LSHIFT Expr •
   69     | Expr • RSHIFT Expr
   70     | Expr • EQ Expr
   71     | Expr • GE Expr
   72     | Expr • GT Expr
   73     | Expr • LE Expr
   74     | Expr • LT Expr
   75     | Expr • NE Expr

    $default  reduce using rule 68 (Expr)


State 159

   60 Expr: Expr • PLUS Expr
   61     | Expr • MINUS Expr
   62     | Expr • STAR Expr
   63     | Expr • DIV Expr
   64     | Expr • MOD Expr
   65     | Expr • AND Expr
   66     | Expr • OR Expr
   67     | Expr • XOR Expr
   68     | Expr • LSHIFT Expr
   69     | Expr • RSHIFT Expr
   69     | Expr RSHIFT Expr •
   70     | Expr • EQ Expr
   71     | Expr • GE Expr
   72     | Expr • GT Expr
   73     | Expr • LE Expr
   74     | Expr • LT Expr
   75     | Expr • NE Expr

    $default  reduce using rule 69 (Expr)


State 160

   60 Expr: Expr • PLUS Expr
   61     | Expr • MINUS Expr
   62     | Expr • STAR Expr
   63     | Expr • DIV Expr
   64     | Expr • MOD Expr
   65     | Expr • AND Expr
   66     | Expr • OR Expr
   67     | Expr • XOR Expr
   67     | Expr XOR Expr •
   68     | Expr • LSHIFT Expr
   69     | Expr • RSHIFT Expr
   70     | Expr • EQ Expr
   71     | Expr • GE Expr
   72     | Expr • GT Expr
   73     | Expr • LE Expr
   74     | Expr • LT Expr
   75     | Expr • NE Expr

    STAR    shift, and go to state 112
    DIV     shift, and go to state 113
    EQ      shift, and go to state 114
    GE      shift, and go to state 115
    GT      shift, and go to state 116
    LE      shift, and go to state 117
    LT      shift, and go to state 118
    MINUS   shift, and go to state 119
    MOD     shift, and go to state 120
    NE      shift, and go to state 121
    PLUS    shift, and go to state 123
    LSHIFT  shift, and go to state 125
    RSHIFT  shift, and go to state 126

    $default  reduce using rule 67 (Expr)


State 161

   41 Statement: WHILE LPAR Expr RPAR • Statement

    error      shift, and go to state 34
    ID         shift, and go to state 35
    LBRACE     shift, and go to state 36
    SEMICOLON  shift, and go to state 38
    IF         shift, and go to state 39
    PRINT      shift, and go to state 40
    PARSEINT   shift, and go to state 41
    RETURN     shift, and go to state 42
    WHILE      shift, and go to state 43

    Statement         go to state 174
    MethodInvocation  go to state 48
    Assignment        go to state 49
    ParseArgs         go to state 50


State 162

   35 recVAR: COMMA ID •

    $default  reduce using rule 35 (recVAR)


State 163

   36 recVAR: recVAR COMMA • ID

    ID  shift, and go to state 175


State 164

   33 VarDecl: Type ID recVAR SEMICOLON •

    $default  reduce using rule 33 (VarDecl)


State 165

   24 FormalParams: STRING LSQ RSQ ID •

    $default  reduce using rule 24 (FormalParams)


State 166

   25 recFP: COMMA Type • ID

    ID  shift, and go to state 176


State 167

   26 recFP: recFP COMMA • Type ID

    BOOL    shift, and go to state 19
    DOUBLE  shift, and go to state 20
    INT     shift, and go to state 21

    Type  go to state 177


State 168

   55 recCOMMAEXP: recCOMMAEXP COMMA • Expr

    ID        shift, and go to state 68
    INTLIT    shift, and go to state 69
    REALLIT   shift, and go to state 70
    BOOLLIT   shift, and go to state 71
    LPAR      shift, and go to state 72
    MINUS     shift, and go to state 73
    NOT       shift, and go to state 74
    PLUS      shift, and go to state 75
    PARSEINT  shift, and go to state 41

    MethodInvocation  go to state 77
    Assignment        go to state 78
    ParseArgs         go to state 79
    Expr              go to state 178


State 169

   52 MethodInvocation: ID LPAR Expr recCOMMAEXP RPAR •

    $default  reduce using rule 52 (MethodInvocation)


State 170

   39 Statement: IF LPAR Expr RPAR Statement • ELSE Statement
   40          | IF LPAR Expr RPAR Statement •

    ELSE  shift, and go to state 179

    $default  reduce using rule 40 (Statement)


State 171

   49 Statement: PRINT LPAR STRLIT RPAR SEMICOLON •

    $default  reduce using rule 49 (Statement)


State 172

   48 Statement: PRINT LPAR Expr RPAR SEMICOLON •

    $default  reduce using rule 48 (Statement)


State 173

   58 ParseArgs: PARSEINT LPAR ID LSQ Expr • RSQ RPAR
   60 Expr: Expr • PLUS Expr
   61     | Expr • MINUS Expr
   62     | Expr • STAR Expr
   63     | Expr • DIV Expr
   64     | Expr • MOD Expr
   65     | Expr • AND Expr
   66     | Expr • OR Expr
   67     | Expr • XOR Expr
   68     | Expr • LSHIFT Expr
   69     | Expr • RSHIFT Expr
   70     | Expr • EQ Expr
   71     | Expr • GE Expr
   72     | Expr • GT Expr
   73     | Expr • LE Expr
   74     | Expr • LT Expr
   75     | Expr • NE Expr

    AND     shift, and go to state 111
    STAR    shift, and go to state 112
    DIV     shift, and go to state 113
    EQ      shift, and go to state 114
    GE      shift, and go to state 115
    GT      shift, and go to state 116
    LE      shift, and go to state 117
    LT      shift, and go to state 118
    MINUS   shift, and go to state 119
    MOD     shift, and go to state 120
    NE      shift, and go to state 121
    OR      shift, and go to state 122
    PLUS    shift, and go to state 123
    RSQ     shift, and go to state 180
    LSHIFT  shift, and go to state 125
    RSHIFT  shift, and go to state 126
    XOR     shift, and go to state 127


State 174

   41 Statement: WHILE LPAR Expr RPAR Statement •

    $default  reduce using rule 41 (Statement)


State 175

   36 recVAR: recVAR COMMA ID •

    $default  reduce using rule 36 (recVAR)


State 176

   25 recFP: COMMA Type ID •

    $default  reduce using rule 25 (recFP)


State 177

   26 recFP: recFP COMMA Type • ID

    ID  shift, and go to state 181


State 178

   55 recCOMMAEXP: recCOMMAEXP COMMA Expr •
   60 Expr: Expr • PLUS Expr
   61     | Expr • MINUS Expr
   62     | Expr • STAR Expr
   63     | Expr • DIV Expr
   64     | Expr • MOD Expr
   65     | Expr • AND Expr
   66     | Expr • OR Expr
   67     | Expr • XOR Expr
   68     | Expr • LSHIFT Expr
   69     | Expr • RSHIFT Expr
   70     | Expr • EQ Expr
   71     | Expr • GE Expr
   72     | Expr • GT Expr
   73     | Expr • LE Expr
   74     | Expr • LT Expr
   75     | Expr • NE Expr

    AND     shift, and go to state 111
    STAR    shift, and go to state 112
    DIV     shift, and go to state 113
    EQ      shift, and go to state 114
    GE      shift, and go to state 115
    GT      shift, and go to state 116
    LE      shift, and go to state 117
    LT      shift, and go to state 118
    MINUS   shift, and go to state 119
    MOD     shift, and go to state 120
    NE      shift, and go to state 121
    OR      shift, and go to state 122
    PLUS    shift, and go to state 123
    LSHIFT  shift, and go to state 125
    RSHIFT  shift, and go to state 126
    XOR     shift, and go to state 127

    $default  reduce using rule 55 (recCOMMAEXP)


State 179

   39 Statement: IF LPAR Expr RPAR Statement ELSE • Statement

    error      shift, and go to state 34
    ID         shift, and go to state 35
    LBRACE     shift, and go to state 36
    SEMICOLON  shift, and go to state 38
    IF         shift, and go to state 39
    PRINT      shift, and go to state 40
    PARSEINT   shift, and go to state 41
    RETURN     shift, and go to state 42
    WHILE      shift, and go to state 43

    Statement         go to state 182
    MethodInvocation  go to state 48
    Assignment        go to state 49
    ParseArgs         go to state 50


State 180

   58 ParseArgs: PARSEINT LPAR ID LSQ Expr RSQ • RPAR

    RPAR  shift, and go to state 183


State 181

   26 recFP: recFP COMMA Type ID •

    $default  reduce using rule 26 (recFP)


State 182

   39 Statement: IF LPAR Expr RPAR Statement ELSE Statement •

    $default  reduce using rule 39 (Statement)


State 183

   58 ParseArgs: PARSEINT LPAR ID LSQ Expr RSQ RPAR •

    $default  reduce using rule 58 (ParseArgs)
